2019-11-08T06:17:35.739Z - info: Initializing jsreport@2.6.1 in development mode using configuration file: jsreport.config.json
2019-11-08T06:17:35.740Z - info: Searching for available extensions in /home/sachin/Desktop/asd/ne/ASD-LAB/sachin/cgpu++/
2019-11-08T06:17:35.744Z - info: Extensions location cache not found, crawling directories
2019-11-08T06:17:36.097Z - info: Found 35 extensions
2019-11-08T06:17:36.250Z - info: Setting http-server strategy for rendering
2019-11-08T06:17:36.409Z - info: Using extension handlebars@2.1.0
2019-11-08T06:17:36.412Z - info: Using extension jsrender@2.1.1
2019-11-08T06:17:36.413Z - info: Using extension templates@2.3.2
2019-11-08T06:17:36.415Z - info: Using extension authentication@2.3.0
2019-11-08T06:17:36.435Z - info: Using extension import-export@1.4.0
2019-11-08T06:17:36.469Z - info: Using extension freeze@2.0.0
2019-11-08T06:17:36.472Z - info: Using extension cli@2.1.1
2019-11-08T06:17:36.473Z - info: Using extension debug@2.1.1
2019-11-08T06:17:36.475Z - info: Using extension tags@2.3.0
2019-11-08T06:17:36.477Z - info: Using extension docx@2.3.1
2019-11-08T06:17:36.492Z - info: Using extension chrome-pdf@1.6.1
2019-11-08T06:17:36.556Z - info: Using extension fs-store@2.6.0
2019-11-08T06:17:36.682Z - info: Using extension authorization@2.2.5
2019-11-08T06:17:36.685Z - info: Using extension child-templates@1.3.0
2019-11-08T06:17:36.687Z - info: Using extension browser-client@2.2.1
2019-11-08T06:17:36.688Z - info: Using extension licensing@2.1.2
2019-11-08T06:17:36.690Z - info: Using extension data@2.1.0
2019-11-08T06:17:36.691Z - info: Using extension pptx@0.4.1
2019-11-08T06:17:36.694Z - info: Using extension version-control@1.3.2
2019-11-08T06:17:36.733Z - info: Using extension reports@2.2.0
2019-11-08T06:17:36.737Z - info: Using extension text@2.0.0
2019-11-08T06:17:36.738Z - info: Using extension base@2.0.2
2019-11-08T06:17:36.739Z - info: Using extension static-pdf@0.3.1
2019-11-08T06:17:36.741Z - info: Using extension studio@2.6.6
2019-11-08T06:17:36.799Z - info: Using extension pdf-utils@1.5.2
2019-11-08T06:17:36.939Z - info: Using extension scripts@2.2.1
2019-11-08T06:17:36.943Z - info: Using extension html-to-xlsx@2.4.1
2019-11-08T06:17:37.017Z - info: html-to-xlsx detected chrome as available html engine
2019-11-08T06:17:37.017Z - info: Using extension assets@1.5.1
2019-11-08T06:17:37.040Z - info: Using extension studio-theme-dark@0.2.0
2019-11-08T06:17:37.041Z - info: Using extension scheduling@2.1.1
2019-11-08T06:17:37.072Z - info: Using extension xlsx@2.2.1
2019-11-08T06:17:37.122Z - info: Using extension sample-template@2.4.0
2019-11-08T06:17:37.124Z - info: Using extension resources@2.0.3
2019-11-08T06:17:37.124Z - info: Using extension public-templates@2.1.0
2019-11-08T06:17:37.126Z - info: Using fs provider for template store.
2019-11-08T06:17:37.129Z - info: fs store is persisting using fs
2019-11-08T06:17:37.129Z - info: fs store is synchronizing using fs
2019-11-08T06:17:37.130Z - info: fs store is loading data
2019-11-08T06:17:37.162Z - info: fs store is initialized successfully
2019-11-08T06:17:37.183Z - info: Verifying license key free
2019-11-08T06:17:37.184Z - info: Using free license
2019-11-08T06:17:38.036Z - info: Initializing jsreport@2.6.1 in development mode using configuration file: jsreport.config.json
2019-11-08T06:17:38.037Z - info: Searching for available extensions in /home/sachin/Desktop/asd/ne/ASD-LAB/sachin/cgpu++/
2019-11-08T06:17:38.059Z - info: Extensions location cache contains up to date information, skipping crawling in /home/sachin/Desktop/asd/ne/ASD-LAB/sachin/cgpu++/
2019-11-08T06:17:38.236Z - info: Found 70 extensions
2019-11-08T06:17:38.422Z - warn: Filtering out duplicated extension "templates" from /home/sachin/Desktop/asd/ne/ASD-LAB/sachin/cgpu++/node_modules/jsreport-templates, using /home/sachin/Desktop/asd/ne/ASD-LAB/sachin/cgpu++/jsreportapp/node_modules/jsreport-templates
2019-11-08T06:17:38.422Z - warn: Filtering out duplicated extension "authentication" from /home/sachin/Desktop/asd/ne/ASD-LAB/sachin/cgpu++/node_modules/jsreport-authentication, using /home/sachin/Desktop/asd/ne/ASD-LAB/sachin/cgpu++/jsreportapp/node_modules/jsreport-authentication
2019-11-08T06:17:38.423Z - warn: Filtering out duplicated extension "cli" from /home/sachin/Desktop/asd/ne/ASD-LAB/sachin/cgpu++/node_modules/jsreport-cli, using /home/sachin/Desktop/asd/ne/ASD-LAB/sachin/cgpu++/jsreportapp/node_modules/jsreport-cli
2019-11-08T06:17:38.423Z - warn: Filtering out duplicated extension "debug" from /home/sachin/Desktop/asd/ne/ASD-LAB/sachin/cgpu++/node_modules/jsreport-debug, using /home/sachin/Desktop/asd/ne/ASD-LAB/sachin/cgpu++/jsreportapp/node_modules/jsreport-debug
2019-11-08T06:17:38.423Z - warn: Filtering out duplicated extension "express" from /home/sachin/Desktop/asd/ne/ASD-LAB/sachin/cgpu++/node_modules/jsreport-express, using /home/sachin/Desktop/asd/ne/ASD-LAB/sachin/cgpu++/jsreportapp/node_modules/jsreport-express
2019-11-08T06:17:38.423Z - warn: Filtering out duplicated extension "freeze" from /home/sachin/Desktop/asd/ne/ASD-LAB/sachin/cgpu++/node_modules/jsreport-freeze, using /home/sachin/Desktop/asd/ne/ASD-LAB/sachin/cgpu++/jsreportapp/node_modules/jsreport-freeze
2019-11-08T06:17:38.423Z - warn: Filtering out duplicated extension "handlebars" from /home/sachin/Desktop/asd/ne/ASD-LAB/sachin/cgpu++/node_modules/jsreport-handlebars, using /home/sachin/Desktop/asd/ne/ASD-LAB/sachin/cgpu++/jsreportapp/node_modules/jsreport-handlebars
2019-11-08T06:17:38.423Z - warn: Filtering out duplicated extension "import-export" from /home/sachin/Desktop/asd/ne/ASD-LAB/sachin/cgpu++/node_modules/jsreport-import-export, using /home/sachin/Desktop/asd/ne/ASD-LAB/sachin/cgpu++/jsreportapp/node_modules/jsreport-import-export
2019-11-08T06:17:38.423Z - warn: Filtering out duplicated extension "jsrender" from /home/sachin/Desktop/asd/ne/ASD-LAB/sachin/cgpu++/node_modules/jsreport-jsrender, using /home/sachin/Desktop/asd/ne/ASD-LAB/sachin/cgpu++/jsreportapp/node_modules/jsreport-jsrender
2019-11-08T06:17:38.423Z - warn: Filtering out duplicated extension "tags" from /home/sachin/Desktop/asd/ne/ASD-LAB/sachin/cgpu++/node_modules/jsreport-tags, using /home/sachin/Desktop/asd/ne/ASD-LAB/sachin/cgpu++/jsreportapp/node_modules/jsreport-tags
2019-11-08T06:17:38.423Z - warn: Filtering out duplicated extension "text" from /home/sachin/Desktop/asd/ne/ASD-LAB/sachin/cgpu++/jsreportapp/node_modules/jsreport-text, using /home/sachin/Desktop/asd/ne/ASD-LAB/sachin/cgpu++/node_modules/jsreport-text
2019-11-08T06:17:38.423Z - warn: Filtering out duplicated extension "authorization" from /home/sachin/Desktop/asd/ne/ASD-LAB/sachin/cgpu++/node_modules/jsreport-authorization, using /home/sachin/Desktop/asd/ne/ASD-LAB/sachin/cgpu++/jsreportapp/node_modules/jsreport-authorization
2019-11-08T06:17:38.423Z - warn: Filtering out duplicated extension "base" from /home/sachin/Desktop/asd/ne/ASD-LAB/sachin/cgpu++/node_modules/jsreport-base, using /home/sachin/Desktop/asd/ne/ASD-LAB/sachin/cgpu++/jsreportapp/node_modules/jsreport-base
2019-11-08T06:17:38.423Z - warn: Filtering out duplicated extension "browser-client" from /home/sachin/Desktop/asd/ne/ASD-LAB/sachin/cgpu++/node_modules/jsreport-browser-client, using /home/sachin/Desktop/asd/ne/ASD-LAB/sachin/cgpu++/jsreportapp/node_modules/jsreport-browser-client
2019-11-08T06:17:38.424Z - warn: Filtering out duplicated extension "child-templates" from /home/sachin/Desktop/asd/ne/ASD-LAB/sachin/cgpu++/node_modules/jsreport-child-templates, using /home/sachin/Desktop/asd/ne/ASD-LAB/sachin/cgpu++/jsreportapp/node_modules/jsreport-child-templates
2019-11-08T06:17:38.424Z - warn: Filtering out duplicated extension "chrome-pdf" from /home/sachin/Desktop/asd/ne/ASD-LAB/sachin/cgpu++/jsreportapp/node_modules/jsreport-chrome-pdf, using /home/sachin/Desktop/asd/ne/ASD-LAB/sachin/cgpu++/node_modules/jsreport-chrome-pdf
2019-11-08T06:17:38.424Z - warn: Filtering out duplicated extension "docx" from /home/sachin/Desktop/asd/ne/ASD-LAB/sachin/cgpu++/node_modules/jsreport-docx, using /home/sachin/Desktop/asd/ne/ASD-LAB/sachin/cgpu++/jsreportapp/node_modules/jsreport-docx
2019-11-08T06:17:38.424Z - warn: Filtering out duplicated extension "static-pdf" from /home/sachin/Desktop/asd/ne/ASD-LAB/sachin/cgpu++/node_modules/jsreport-static-pdf, using /home/sachin/Desktop/asd/ne/ASD-LAB/sachin/cgpu++/jsreportapp/node_modules/jsreport-static-pdf
2019-11-08T06:17:38.424Z - warn: Filtering out duplicated extension "data" from /home/sachin/Desktop/asd/ne/ASD-LAB/sachin/cgpu++/jsreportapp/node_modules/jsreport-data, using /home/sachin/Desktop/asd/ne/ASD-LAB/sachin/cgpu++/node_modules/jsreport-data
2019-11-08T06:17:38.424Z - warn: Filtering out duplicated extension "fs-store" from /home/sachin/Desktop/asd/ne/ASD-LAB/sachin/cgpu++/node_modules/jsreport-fs-store, using /home/sachin/Desktop/asd/ne/ASD-LAB/sachin/cgpu++/jsreportapp/node_modules/jsreport-fs-store
2019-11-08T06:17:38.424Z - warn: Filtering out duplicated extension "licensing" from /home/sachin/Desktop/asd/ne/ASD-LAB/sachin/cgpu++/node_modules/jsreport-licensing, using /home/sachin/Desktop/asd/ne/ASD-LAB/sachin/cgpu++/jsreportapp/node_modules/jsreport-licensing
2019-11-08T06:17:38.424Z - warn: Filtering out duplicated extension "pdf-utils" from /home/sachin/Desktop/asd/ne/ASD-LAB/sachin/cgpu++/node_modules/jsreport-pdf-utils, using /home/sachin/Desktop/asd/ne/ASD-LAB/sachin/cgpu++/jsreportapp/node_modules/jsreport-pdf-utils
2019-11-08T06:17:38.424Z - warn: Filtering out duplicated extension "pptx" from /home/sachin/Desktop/asd/ne/ASD-LAB/sachin/cgpu++/node_modules/jsreport-pptx, using /home/sachin/Desktop/asd/ne/ASD-LAB/sachin/cgpu++/jsreportapp/node_modules/jsreport-pptx
2019-11-08T06:17:38.424Z - warn: Filtering out duplicated extension "version-control" from /home/sachin/Desktop/asd/ne/ASD-LAB/sachin/cgpu++/node_modules/jsreport-version-control, using /home/sachin/Desktop/asd/ne/ASD-LAB/sachin/cgpu++/jsreportapp/node_modules/jsreport-version-control
2019-11-08T06:17:38.424Z - warn: Filtering out duplicated extension "reports" from /home/sachin/Desktop/asd/ne/ASD-LAB/sachin/cgpu++/node_modules/jsreport-reports, using /home/sachin/Desktop/asd/ne/ASD-LAB/sachin/cgpu++/jsreportapp/node_modules/jsreport-reports
2019-11-08T06:17:38.424Z - warn: Filtering out duplicated extension "studio" from /home/sachin/Desktop/asd/ne/ASD-LAB/sachin/cgpu++/node_modules/jsreport-studio, using /home/sachin/Desktop/asd/ne/ASD-LAB/sachin/cgpu++/jsreportapp/node_modules/jsreport-studio
2019-11-08T06:17:38.424Z - warn: Filtering out duplicated extension "studio-theme-dark" from /home/sachin/Desktop/asd/ne/ASD-LAB/sachin/cgpu++/node_modules/jsreport-studio-theme-dark, using /home/sachin/Desktop/asd/ne/ASD-LAB/sachin/cgpu++/jsreportapp/node_modules/jsreport-studio-theme-dark
2019-11-08T06:17:38.424Z - warn: Filtering out duplicated extension "html-to-xlsx" from /home/sachin/Desktop/asd/ne/ASD-LAB/sachin/cgpu++/jsreportapp/node_modules/jsreport-html-to-xlsx, using /home/sachin/Desktop/asd/ne/ASD-LAB/sachin/cgpu++/node_modules/jsreport-html-to-xlsx
2019-11-08T06:17:38.424Z - warn: Filtering out duplicated extension "scheduling" from /home/sachin/Desktop/asd/ne/ASD-LAB/sachin/cgpu++/node_modules/jsreport-scheduling, using /home/sachin/Desktop/asd/ne/ASD-LAB/sachin/cgpu++/jsreportapp/node_modules/jsreport-scheduling
2019-11-08T06:17:38.424Z - warn: Filtering out duplicated extension "scripts" from /home/sachin/Desktop/asd/ne/ASD-LAB/sachin/cgpu++/node_modules/jsreport-scripts, using /home/sachin/Desktop/asd/ne/ASD-LAB/sachin/cgpu++/jsreportapp/node_modules/jsreport-scripts
2019-11-08T06:17:38.424Z - warn: Filtering out duplicated extension "assets" from /home/sachin/Desktop/asd/ne/ASD-LAB/sachin/cgpu++/jsreportapp/node_modules/jsreport-assets, using /home/sachin/Desktop/asd/ne/ASD-LAB/sachin/cgpu++/node_modules/jsreport-assets
2019-11-08T06:17:38.425Z - warn: Filtering out duplicated extension "xlsx" from /home/sachin/Desktop/asd/ne/ASD-LAB/sachin/cgpu++/node_modules/jsreport-xlsx, using /home/sachin/Desktop/asd/ne/ASD-LAB/sachin/cgpu++/jsreportapp/node_modules/jsreport-xlsx
2019-11-08T06:17:38.425Z - warn: Filtering out duplicated extension "sample-template" from /home/sachin/Desktop/asd/ne/ASD-LAB/sachin/cgpu++/jsreportapp/node_modules/jsreport-sample-template, using /home/sachin/Desktop/asd/ne/ASD-LAB/sachin/cgpu++/node_modules/jsreport-sample-template
2019-11-08T06:17:38.425Z - warn: Filtering out duplicated extension "resources" from /home/sachin/Desktop/asd/ne/ASD-LAB/sachin/cgpu++/jsreportapp/node_modules/jsreport-resources, using /home/sachin/Desktop/asd/ne/ASD-LAB/sachin/cgpu++/node_modules/jsreport-resources
2019-11-08T06:17:38.425Z - warn: Filtering out duplicated extension "public-templates" from /home/sachin/Desktop/asd/ne/ASD-LAB/sachin/cgpu++/jsreportapp/node_modules/jsreport-public-templates, using /home/sachin/Desktop/asd/ne/ASD-LAB/sachin/cgpu++/node_modules/jsreport-public-templates
2019-11-08T06:17:38.489Z - info: Setting http-server strategy for rendering
2019-11-08T06:17:38.647Z - info: Using extension authentication@2.3.0
2019-11-08T06:17:38.742Z - info: Using extension templates@2.3.2
2019-11-08T06:17:38.744Z - info: Using extension debug@2.1.1
2019-11-08T06:17:38.745Z - info: Using extension freeze@2.0.0
2019-11-08T06:17:38.746Z - info: Using extension handlebars@2.1.0
2019-11-08T06:17:38.748Z - info: Using extension import-export@1.4.0
2019-11-08T06:17:38.803Z - info: Using extension jsrender@2.1.1
2019-11-08T06:17:38.804Z - info: Using extension tags@2.3.0
2019-11-08T06:17:38.805Z - info: Using extension cli@2.1.1
2019-11-08T06:17:38.806Z - info: Using extension reports@2.2.0
2019-11-08T06:17:38.808Z - info: Using extension text@2.0.0
2019-11-08T06:17:38.809Z - info: Using extension base@2.0.2
2019-11-08T06:17:38.810Z - info: Using extension static-pdf@0.3.1
2019-11-08T06:17:38.812Z - info: Using extension studio@2.6.6
2019-11-08T06:17:38.885Z - info: Using extension docx@2.3.1
2019-11-08T06:17:38.898Z - info: Using extension authorization@2.2.5
2019-11-08T06:17:38.899Z - info: Using extension version-control@1.3.2
2019-11-08T06:17:38.936Z - info: Using extension browser-client@2.2.1
2019-11-08T06:17:38.937Z - info: Using extension child-templates@1.3.0
2019-11-08T06:17:38.943Z - info: Using extension chrome-pdf@1.6.1
2019-11-08T06:17:39.001Z - info: Using extension fs-store@2.6.0
2019-11-08T06:17:39.115Z - info: Using extension data@2.1.0
2019-11-08T06:17:39.115Z - info: Using extension licensing@2.1.2
2019-11-08T06:17:39.117Z - info: Using extension pdf-utils@1.5.2
2019-11-08T06:17:39.241Z - info: Using extension pptx@0.4.1
2019-11-08T06:17:39.244Z - info: Using extension assets@1.5.1
2019-11-08T06:17:39.253Z - info: Using extension xlsx@2.2.1
2019-11-08T06:17:39.309Z - info: Using extension studio-theme-dark@0.2.0
2019-11-08T06:17:39.310Z - info: Using extension scheduling@2.1.1
2019-11-08T06:17:39.337Z - info: Using extension scripts@2.2.1
2019-11-08T06:17:39.340Z - info: Using extension html-to-xlsx@2.4.1
2019-11-08T06:17:39.408Z - info: html-to-xlsx detected chrome as available html engine
2019-11-08T06:17:39.408Z - info: Using extension sample-template@2.4.0
2019-11-08T06:17:39.410Z - info: Using extension resources@2.0.3
2019-11-08T06:17:39.411Z - info: Using extension public-templates@2.1.0
2019-11-08T06:17:39.412Z - info: Using fs provider for template store.
2019-11-08T06:17:39.419Z - info: fs store is persisting using fs
2019-11-08T06:17:39.419Z - info: fs store is synchronizing using fs
2019-11-08T06:17:39.462Z - info: fs store is loading data
2019-11-08T06:17:39.503Z - info: fs store is initialized successfully
2019-11-08T06:17:39.518Z - info: Verifying license key free
2019-11-08T06:17:39.519Z - info: Using free license
2019-11-08T06:17:39.521Z - info: reporter initialized
2019-11-08T06:25:32.187Z - info: Initializing jsreport@2.6.1 in development mode using configuration file: jsreport.config.json
2019-11-08T06:25:32.188Z - info: Searching for available extensions in /home/sachin/Desktop/asd/ne/ASD-LAB/sachin/cgpu++/
2019-11-08T06:25:32.197Z - info: Extensions location cache contains up to date information, skipping crawling in /home/sachin/Desktop/asd/ne/ASD-LAB/sachin/cgpu++/
2019-11-08T06:25:32.202Z - info: Found 35 extensions
2019-11-08T06:25:32.360Z - info: Setting http-server strategy for rendering
2019-11-08T06:25:32.537Z - info: Using extension handlebars@2.1.0
2019-11-08T06:25:32.541Z - info: Using extension jsrender@2.1.1
2019-11-08T06:25:32.542Z - info: Using extension templates@2.3.2
2019-11-08T06:25:32.544Z - info: Using extension authentication@2.3.0
2019-11-08T06:25:32.563Z - info: Using extension import-export@1.4.0
2019-11-08T06:25:32.598Z - info: Using extension freeze@2.0.0
2019-11-08T06:25:32.599Z - info: Using extension cli@2.1.1
2019-11-08T06:25:32.600Z - info: Using extension debug@2.1.1
2019-11-08T06:25:32.602Z - info: Using extension tags@2.3.0
2019-11-08T06:25:32.603Z - info: Using extension docx@2.3.1
2019-11-08T06:25:32.615Z - info: Using extension chrome-pdf@1.6.1
2019-11-08T06:25:32.672Z - info: Using extension fs-store@2.6.0
2019-11-08T06:25:32.784Z - info: Using extension authorization@2.2.5
2019-11-08T06:25:32.786Z - info: Using extension child-templates@1.3.0
2019-11-08T06:25:32.788Z - info: Using extension browser-client@2.2.1
2019-11-08T06:25:32.789Z - info: Using extension licensing@2.1.2
2019-11-08T06:25:32.791Z - info: Using extension data@2.1.0
2019-11-08T06:25:32.792Z - info: Using extension pptx@0.4.1
2019-11-08T06:25:32.795Z - info: Using extension version-control@1.3.2
2019-11-08T06:25:32.833Z - info: Using extension reports@2.2.0
2019-11-08T06:25:32.835Z - info: Using extension text@2.0.0
2019-11-08T06:25:32.835Z - info: Using extension base@2.0.2
2019-11-08T06:25:32.836Z - info: Using extension static-pdf@0.3.1
2019-11-08T06:25:32.838Z - info: Using extension studio@2.6.6
2019-11-08T06:25:32.895Z - info: Using extension pdf-utils@1.5.2
2019-11-08T06:25:33.038Z - info: Using extension scripts@2.2.1
2019-11-08T06:25:33.042Z - info: Using extension html-to-xlsx@2.4.1
2019-11-08T06:25:33.121Z - info: html-to-xlsx detected chrome as available html engine
2019-11-08T06:25:33.121Z - info: Using extension assets@1.5.1
2019-11-08T06:25:33.145Z - info: Using extension studio-theme-dark@0.2.0
2019-11-08T06:25:33.146Z - info: Using extension scheduling@2.1.1
2019-11-08T06:25:33.169Z - info: Using extension xlsx@2.2.1
2019-11-08T06:25:33.221Z - info: Using extension sample-template@2.4.0
2019-11-08T06:25:33.223Z - info: Using extension resources@2.0.3
2019-11-08T06:25:33.223Z - info: Using extension public-templates@2.1.0
2019-11-08T06:25:33.225Z - info: Using fs provider for template store.
2019-11-08T06:25:33.228Z - info: fs store is persisting using fs
2019-11-08T06:25:33.228Z - info: fs store is synchronizing using fs
2019-11-08T06:25:33.229Z - info: fs store is loading data
2019-11-08T06:25:33.266Z - info: fs store is initialized successfully
2019-11-08T06:25:33.283Z - info: Verifying license key free
2019-11-08T06:25:33.284Z - info: Using free license
2019-11-08T06:25:33.288Z - info: reporter initialized
2019-11-08T06:26:56.267Z - info: Initializing jsreport@2.6.1 in development mode using configuration file: jsreport.config.json
2019-11-08T06:26:56.268Z - info: Searching for available extensions in /home/sachin/Desktop/asd/ne/ASD-LAB/sachin/cgpu++/
2019-11-08T06:26:56.281Z - info: Extensions location cache contains up to date information, skipping crawling in /home/sachin/Desktop/asd/ne/ASD-LAB/sachin/cgpu++/
2019-11-08T06:26:56.285Z - info: Found 35 extensions
2019-11-08T06:26:56.442Z - info: Setting http-server strategy for rendering
2019-11-08T06:26:56.612Z - info: Using extension handlebars@2.1.0
2019-11-08T06:26:56.616Z - info: Using extension jsrender@2.1.1
2019-11-08T06:26:56.617Z - info: Using extension templates@2.3.2
2019-11-08T06:26:56.619Z - info: Using extension authentication@2.3.0
2019-11-08T06:26:56.639Z - info: Using extension import-export@1.4.0
2019-11-08T06:26:56.674Z - info: Using extension freeze@2.0.0
2019-11-08T06:26:56.676Z - info: Using extension cli@2.1.1
2019-11-08T06:26:56.678Z - info: Using extension debug@2.1.1
2019-11-08T06:26:56.680Z - info: Using extension tags@2.3.0
2019-11-08T06:26:56.681Z - info: Using extension docx@2.3.1
2019-11-08T06:26:56.693Z - info: Using extension chrome-pdf@1.6.1
2019-11-08T06:26:56.747Z - info: Using extension fs-store@2.6.0
2019-11-08T06:26:56.859Z - info: Using extension authorization@2.2.5
2019-11-08T06:26:56.861Z - info: Using extension child-templates@1.3.0
2019-11-08T06:26:56.863Z - info: Using extension browser-client@2.2.1
2019-11-08T06:26:56.864Z - info: Using extension licensing@2.1.2
2019-11-08T06:26:56.866Z - info: Using extension data@2.1.0
2019-11-08T06:26:56.867Z - info: Using extension pptx@0.4.1
2019-11-08T06:26:56.870Z - info: Using extension version-control@1.3.2
2019-11-08T06:26:56.908Z - info: Using extension reports@2.2.0
2019-11-08T06:26:56.911Z - info: Using extension text@2.0.0
2019-11-08T06:26:56.911Z - info: Using extension base@2.0.2
2019-11-08T06:26:56.912Z - info: Using extension static-pdf@0.3.1
2019-11-08T06:26:56.914Z - info: Using extension studio@2.6.6
2019-11-08T06:26:56.970Z - info: Using extension pdf-utils@1.5.2
2019-11-08T06:26:57.114Z - info: Using extension scripts@2.2.1
2019-11-08T06:26:57.118Z - info: Using extension html-to-xlsx@2.4.1
2019-11-08T06:26:57.195Z - info: html-to-xlsx detected chrome as available html engine
2019-11-08T06:26:57.195Z - info: Using extension assets@1.5.1
2019-11-08T06:26:57.218Z - info: Using extension studio-theme-dark@0.2.0
2019-11-08T06:26:57.219Z - info: Using extension scheduling@2.1.1
2019-11-08T06:26:57.242Z - info: Using extension xlsx@2.2.1
2019-11-08T06:26:57.292Z - info: Using extension sample-template@2.4.0
2019-11-08T06:26:57.294Z - info: Using extension resources@2.0.3
2019-11-08T06:26:57.294Z - info: Using extension public-templates@2.1.0
2019-11-08T06:26:57.296Z - info: Using fs provider for template store.
2019-11-08T06:26:57.299Z - info: fs store is persisting using fs
2019-11-08T06:26:57.299Z - info: fs store is synchronizing using fs
2019-11-08T06:26:57.301Z - info: fs store is loading data
2019-11-08T06:26:57.341Z - info: fs store is initialized successfully
2019-11-08T06:26:57.355Z - info: Verifying license key free
2019-11-08T06:26:57.356Z - info: Using free license
2019-11-08T06:26:57.362Z - info: reporter initialized
2019-11-08T11:02:50.773Z - info: Initializing jsreport@2.6.1 in development mode using configuration file: jsreport.config.json
2019-11-08T11:02:50.775Z - info: Searching for available extensions in /home/sachin/Desktop/asd/ASD-LAB/sachin/cgpu++/
2019-11-08T11:02:50.815Z - info: Extensions location cache not found, crawling directories
2019-11-08T11:02:55.099Z - info: Found 35 extensions
2019-11-08T11:02:56.223Z - info: Setting http-server strategy for rendering
2019-11-08T11:02:56.486Z - info: Using extension handlebars@2.1.0
2019-11-08T11:02:56.493Z - info: Using extension jsrender@2.1.1
2019-11-08T11:02:56.494Z - info: Using extension templates@2.3.2
2019-11-08T11:02:56.497Z - info: Using extension authentication@2.3.0
2019-11-08T11:02:56.602Z - info: Using extension import-export@1.4.0
2019-11-08T11:02:56.795Z - info: Using extension freeze@2.0.0
2019-11-08T11:02:56.799Z - info: Using extension cli@2.1.1
2019-11-08T11:02:56.803Z - info: Using extension debug@2.1.1
2019-11-08T11:02:56.809Z - info: Using extension tags@2.3.0
2019-11-08T11:02:56.814Z - info: Using extension docx@2.3.1
2019-11-08T11:02:56.913Z - info: Using extension chrome-pdf@1.6.1
2019-11-08T11:02:57.172Z - info: Using extension fs-store@2.6.0
2019-11-08T11:02:57.410Z - info: Using extension authorization@2.2.5
2019-11-08T11:02:57.417Z - info: Using extension child-templates@1.3.0
2019-11-08T11:02:57.431Z - info: Using extension browser-client@2.2.1
2019-11-08T11:02:57.436Z - info: Using extension licensing@2.1.2
2019-11-08T11:02:57.443Z - info: Using extension data@2.1.0
2019-11-08T11:02:57.446Z - info: Using extension pptx@0.4.1
2019-11-08T11:02:57.459Z - info: Using extension version-control@1.3.2
2019-11-08T11:02:57.880Z - info: Using extension reports@2.2.0
2019-11-08T11:02:57.894Z - info: Using extension text@2.0.0
2019-11-08T11:02:57.896Z - info: Using extension base@2.0.2
2019-11-08T11:02:57.902Z - info: Using extension static-pdf@0.3.1
2019-11-08T11:02:57.916Z - info: Using extension studio@2.6.6
2019-11-08T11:02:58.116Z - info: Using extension pdf-utils@1.5.2
2019-11-08T11:02:58.714Z - info: Using extension scripts@2.2.1
2019-11-08T11:02:58.725Z - info: Using extension html-to-xlsx@2.4.1
2019-11-08T11:02:59.099Z - info: html-to-xlsx detected chrome as available html engine
2019-11-08T11:02:59.099Z - info: Using extension assets@1.5.1
2019-11-08T11:02:59.162Z - info: Using extension studio-theme-dark@0.2.0
2019-11-08T11:02:59.164Z - info: Using extension scheduling@2.1.1
2019-11-08T11:02:59.253Z - info: Using extension xlsx@2.2.1
2019-11-08T11:02:59.632Z - info: Using extension sample-template@2.4.0
2019-11-08T11:02:59.639Z - info: Using extension resources@2.0.3
2019-11-08T11:02:59.641Z - info: Using extension public-templates@2.1.0
2019-11-08T11:02:59.654Z - info: Using fs provider for template store.
2019-11-08T11:02:59.670Z - info: fs store is persisting using fs
2019-11-08T11:02:59.672Z - info: fs store is synchronizing using fs
2019-11-08T11:02:59.788Z - info: fs store is loading data
2019-11-08T11:03:00.206Z - info: fs store is initialized successfully
2019-11-08T11:03:00.292Z - info: Verifying license key free
2019-11-08T11:03:00.295Z - info: Using free license
2019-11-08T11:03:00.317Z - info: reporter initialized
2019-11-08T11:06:21.278Z - info: Initializing jsreport@2.6.1 in development mode using configuration file: jsreport.config.json
2019-11-08T11:06:21.279Z - info: Searching for available extensions in /home/sachin/Desktop/asd/ASD-LAB/sachin/cgpu++/
2019-11-08T11:06:21.293Z - info: Extensions location cache contains up to date information, skipping crawling in /home/sachin/Desktop/asd/ASD-LAB/sachin/cgpu++/
2019-11-08T11:06:21.297Z - info: Found 35 extensions
2019-11-08T11:06:21.472Z - info: Setting http-server strategy for rendering
2019-11-08T11:06:21.670Z - info: Using extension handlebars@2.1.0
2019-11-08T11:06:21.675Z - info: Using extension jsrender@2.1.1
2019-11-08T11:06:21.676Z - info: Using extension templates@2.3.2
2019-11-08T11:06:21.678Z - info: Using extension authentication@2.3.0
2019-11-08T11:06:21.702Z - info: Using extension import-export@1.4.0
2019-11-08T11:06:21.736Z - info: Using extension freeze@2.0.0
2019-11-08T11:06:21.738Z - info: Using extension cli@2.1.1
2019-11-08T11:06:21.739Z - info: Using extension debug@2.1.1
2019-11-08T11:06:21.741Z - info: Using extension tags@2.3.0
2019-11-08T11:06:21.742Z - info: Using extension docx@2.3.1
2019-11-08T11:06:21.759Z - info: Using extension chrome-pdf@1.6.1
2019-11-08T11:06:21.825Z - info: Using extension fs-store@2.6.0
2019-11-08T11:06:21.964Z - info: Using extension authorization@2.2.5
2019-11-08T11:06:21.966Z - info: Using extension child-templates@1.3.0
2019-11-08T11:06:21.969Z - info: Using extension browser-client@2.2.1
2019-11-08T11:06:21.971Z - info: Using extension licensing@2.1.2
2019-11-08T11:06:21.973Z - info: Using extension data@2.1.0
2019-11-08T11:06:21.973Z - info: Using extension pptx@0.4.1
2019-11-08T11:06:21.978Z - info: Using extension version-control@1.3.2
2019-11-08T11:06:22.018Z - info: Using extension reports@2.2.0
2019-11-08T11:06:22.021Z - info: Using extension text@2.0.0
2019-11-08T11:06:22.022Z - info: Using extension base@2.0.2
2019-11-08T11:06:22.023Z - info: Using extension static-pdf@0.3.1
2019-11-08T11:06:22.025Z - info: Using extension studio@2.6.6
2019-11-08T11:06:22.093Z - info: Using extension pdf-utils@1.5.2
2019-11-08T11:06:22.263Z - info: Using extension scripts@2.2.1
2019-11-08T11:06:22.267Z - info: Using extension html-to-xlsx@2.4.1
2019-11-08T11:06:22.358Z - info: html-to-xlsx detected chrome as available html engine
2019-11-08T11:06:22.358Z - info: Using extension assets@1.5.1
2019-11-08T11:06:22.381Z - info: Using extension studio-theme-dark@0.2.0
2019-11-08T11:06:22.381Z - info: Using extension scheduling@2.1.1
2019-11-08T11:06:22.404Z - info: Using extension xlsx@2.2.1
2019-11-08T11:06:22.463Z - info: Using extension sample-template@2.4.0
2019-11-08T11:06:22.465Z - info: Using extension resources@2.0.3
2019-11-08T11:06:22.466Z - info: Using extension public-templates@2.1.0
2019-11-08T11:06:22.468Z - info: Using fs provider for template store.
2019-11-08T11:06:22.472Z - info: fs store is persisting using fs
2019-11-08T11:06:22.472Z - info: fs store is synchronizing using fs
2019-11-08T11:06:22.473Z - info: fs store is loading data
2019-11-08T11:06:22.520Z - info: fs store is initialized successfully
2019-11-08T11:06:22.540Z - info: Verifying license key free
2019-11-08T11:06:22.546Z - info: Using free license
2019-11-08T11:06:22.551Z - info: reporter initialized
2019-11-08T11:06:30.945Z - info: Initializing jsreport@2.6.1 in development mode using configuration file: jsreport.config.json
2019-11-08T11:06:30.946Z - info: Searching for available extensions in /home/sachin/Desktop/asd/ASD-LAB/sachin/cgpu++/
2019-11-08T11:06:30.959Z - info: Extensions location cache contains up to date information, skipping crawling in /home/sachin/Desktop/asd/ASD-LAB/sachin/cgpu++/
2019-11-08T11:06:30.963Z - info: Found 35 extensions
2019-11-08T11:06:31.156Z - info: Setting http-server strategy for rendering
2019-11-08T11:06:31.357Z - info: Using extension handlebars@2.1.0
2019-11-08T11:06:31.361Z - info: Using extension jsrender@2.1.1
2019-11-08T11:06:31.363Z - info: Using extension templates@2.3.2
2019-11-08T11:06:31.365Z - info: Using extension authentication@2.3.0
2019-11-08T11:06:31.389Z - info: Using extension import-export@1.4.0
2019-11-08T11:06:31.426Z - info: Using extension freeze@2.0.0
2019-11-08T11:06:31.428Z - info: Using extension cli@2.1.1
2019-11-08T11:06:31.429Z - info: Using extension debug@2.1.1
2019-11-08T11:06:31.431Z - info: Using extension tags@2.3.0
2019-11-08T11:06:31.432Z - info: Using extension docx@2.3.1
2019-11-08T11:06:31.453Z - info: Using extension chrome-pdf@1.6.1
2019-11-08T11:06:31.531Z - info: Using extension fs-store@2.6.0
2019-11-08T11:06:31.686Z - info: Using extension authorization@2.2.5
2019-11-08T11:06:31.688Z - info: Using extension child-templates@1.3.0
2019-11-08T11:06:31.691Z - info: Using extension browser-client@2.2.1
2019-11-08T11:06:31.693Z - info: Using extension licensing@2.1.2
2019-11-08T11:06:31.695Z - info: Using extension data@2.1.0
2019-11-08T11:06:31.696Z - info: Using extension pptx@0.4.1
2019-11-08T11:06:31.700Z - info: Using extension version-control@1.3.2
2019-11-08T11:06:31.742Z - info: Using extension reports@2.2.0
2019-11-08T11:06:31.745Z - info: Using extension text@2.0.0
2019-11-08T11:06:31.746Z - info: Using extension base@2.0.2
2019-11-08T11:06:31.747Z - info: Using extension static-pdf@0.3.1
2019-11-08T11:06:31.750Z - info: Using extension studio@2.6.6
2019-11-08T11:06:31.819Z - info: Using extension pdf-utils@1.5.2
2019-11-08T11:06:31.993Z - info: Using extension scripts@2.2.1
2019-11-08T11:06:31.997Z - info: Using extension html-to-xlsx@2.4.1
2019-11-08T11:06:32.093Z - info: html-to-xlsx detected chrome as available html engine
2019-11-08T11:06:32.093Z - info: Using extension assets@1.5.1
2019-11-08T11:06:32.114Z - info: Using extension studio-theme-dark@0.2.0
2019-11-08T11:06:32.114Z - info: Using extension scheduling@2.1.1
2019-11-08T11:06:32.139Z - info: Using extension xlsx@2.2.1
2019-11-08T11:06:32.196Z - info: Using extension sample-template@2.4.0
2019-11-08T11:06:32.198Z - info: Using extension resources@2.0.3
2019-11-08T11:06:32.199Z - info: Using extension public-templates@2.1.0
2019-11-08T11:06:32.201Z - info: Using fs provider for template store.
2019-11-08T11:06:32.205Z - info: fs store is persisting using fs
2019-11-08T11:06:32.205Z - info: fs store is synchronizing using fs
2019-11-08T11:06:32.206Z - info: fs store is loading data
2019-11-08T11:06:32.249Z - info: fs store is initialized successfully
2019-11-08T11:06:32.272Z - info: Verifying license key free
2019-11-08T11:06:32.273Z - info: Using free license
2019-11-08T11:06:32.278Z - info: reporter initialized
2019-11-08T11:06:58.577Z - info: Initializing jsreport@2.6.1 in development mode using configuration file: jsreport.config.json
2019-11-08T11:06:58.578Z - info: Searching for available extensions in /home/sachin/Desktop/asd/ASD-LAB/sachin/cgpu++/
2019-11-08T11:06:58.589Z - info: Extensions location cache contains up to date information, skipping crawling in /home/sachin/Desktop/asd/ASD-LAB/sachin/cgpu++/
2019-11-08T11:06:58.593Z - info: Found 35 extensions
2019-11-08T11:06:58.764Z - info: Setting http-server strategy for rendering
2019-11-08T11:06:58.961Z - info: Using extension handlebars@2.1.0
2019-11-08T11:06:58.965Z - info: Using extension jsrender@2.1.1
2019-11-08T11:06:58.966Z - info: Using extension templates@2.3.2
2019-11-08T11:06:58.968Z - info: Using extension authentication@2.3.0
2019-11-08T11:06:58.989Z - info: Using extension import-export@1.4.0
2019-11-08T11:06:59.027Z - info: Using extension freeze@2.0.0
2019-11-08T11:06:59.029Z - info: Using extension cli@2.1.1
2019-11-08T11:06:59.030Z - info: Using extension debug@2.1.1
2019-11-08T11:06:59.032Z - info: Using extension tags@2.3.0
2019-11-08T11:06:59.033Z - info: Using extension docx@2.3.1
2019-11-08T11:06:59.052Z - info: Using extension chrome-pdf@1.6.1
2019-11-08T11:06:59.117Z - info: Using extension fs-store@2.6.0
2019-11-08T11:06:59.251Z - info: Using extension authorization@2.2.5
2019-11-08T11:06:59.254Z - info: Using extension child-templates@1.3.0
2019-11-08T11:06:59.256Z - info: Using extension browser-client@2.2.1
2019-11-08T11:06:59.258Z - info: Using extension licensing@2.1.2
2019-11-08T11:06:59.260Z - info: Using extension data@2.1.0
2019-11-08T11:06:59.261Z - info: Using extension pptx@0.4.1
2019-11-08T11:06:59.265Z - info: Using extension version-control@1.3.2
2019-11-08T11:06:59.306Z - info: Using extension reports@2.2.0
2019-11-08T11:06:59.309Z - info: Using extension text@2.0.0
2019-11-08T11:06:59.309Z - info: Using extension base@2.0.2
2019-11-08T11:06:59.310Z - info: Using extension static-pdf@0.3.1
2019-11-08T11:06:59.313Z - info: Using extension studio@2.6.6
2019-11-08T11:06:59.382Z - info: Using extension pdf-utils@1.5.2
2019-11-08T11:06:59.566Z - info: Using extension scripts@2.2.1
2019-11-08T11:06:59.570Z - info: Using extension html-to-xlsx@2.4.1
2019-11-08T11:06:59.670Z - info: html-to-xlsx detected chrome as available html engine
2019-11-08T11:06:59.670Z - info: Using extension assets@1.5.1
2019-11-08T11:06:59.695Z - info: Using extension studio-theme-dark@0.2.0
2019-11-08T11:06:59.696Z - info: Using extension scheduling@2.1.1
2019-11-08T11:06:59.721Z - info: Using extension xlsx@2.2.1
2019-11-08T11:06:59.780Z - info: Using extension sample-template@2.4.0
2019-11-08T11:06:59.782Z - info: Using extension resources@2.0.3
2019-11-08T11:06:59.783Z - info: Using extension public-templates@2.1.0
2019-11-08T11:06:59.785Z - info: Using fs provider for template store.
2019-11-08T11:06:59.789Z - info: fs store is persisting using fs
2019-11-08T11:06:59.789Z - info: fs store is synchronizing using fs
2019-11-08T11:06:59.790Z - info: fs store is loading data
2019-11-08T11:06:59.831Z - info: fs store is initialized successfully
2019-11-08T11:06:59.855Z - info: Verifying license key free
2019-11-08T11:06:59.856Z - info: Using free license
2019-11-08T11:06:59.861Z - info: reporter initialized
2019-11-08T11:07:05.225Z - info: Initializing jsreport@2.6.1 in development mode using configuration file: jsreport.config.json
2019-11-08T11:07:05.226Z - info: Searching for available extensions in /home/sachin/Desktop/asd/ASD-LAB/sachin/cgpu++/
2019-11-08T11:07:05.238Z - info: Extensions location cache contains up to date information, skipping crawling in /home/sachin/Desktop/asd/ASD-LAB/sachin/cgpu++/
2019-11-08T11:07:05.243Z - info: Found 35 extensions
2019-11-08T11:07:05.433Z - info: Setting http-server strategy for rendering
2019-11-08T11:07:05.655Z - info: Using extension handlebars@2.1.0
2019-11-08T11:07:05.661Z - info: Using extension jsrender@2.1.1
2019-11-08T11:07:05.662Z - info: Using extension templates@2.3.2
2019-11-08T11:07:05.664Z - info: Using extension authentication@2.3.0
2019-11-08T11:07:05.695Z - info: Using extension import-export@1.4.0
2019-11-08T11:07:05.737Z - info: Using extension freeze@2.0.0
2019-11-08T11:07:05.738Z - info: Using extension cli@2.1.1
2019-11-08T11:07:05.740Z - info: Using extension debug@2.1.1
2019-11-08T11:07:05.742Z - info: Using extension tags@2.3.0
2019-11-08T11:07:05.744Z - info: Using extension docx@2.3.1
2019-11-08T11:07:05.763Z - info: Using extension chrome-pdf@1.6.1
2019-11-08T11:07:05.831Z - info: Using extension fs-store@2.6.0
2019-11-08T11:07:05.977Z - info: Using extension authorization@2.2.5
2019-11-08T11:07:05.979Z - info: Using extension child-templates@1.3.0
2019-11-08T11:07:05.982Z - info: Using extension browser-client@2.2.1
2019-11-08T11:07:05.984Z - info: Using extension licensing@2.1.2
2019-11-08T11:07:05.986Z - info: Using extension data@2.1.0
2019-11-08T11:07:05.987Z - info: Using extension pptx@0.4.1
2019-11-08T11:07:05.992Z - info: Using extension version-control@1.3.2
2019-11-08T11:07:06.034Z - info: Using extension reports@2.2.0
2019-11-08T11:07:06.038Z - info: Using extension text@2.0.0
2019-11-08T11:07:06.039Z - info: Using extension base@2.0.2
2019-11-08T11:07:06.041Z - info: Using extension static-pdf@0.3.1
2019-11-08T11:07:06.043Z - info: Using extension studio@2.6.6
2019-11-08T11:07:06.115Z - info: Using extension pdf-utils@1.5.2
2019-11-08T11:07:06.306Z - info: Using extension scripts@2.2.1
2019-11-08T11:07:06.310Z - info: Using extension html-to-xlsx@2.4.1
2019-11-08T11:07:06.406Z - info: html-to-xlsx detected chrome as available html engine
2019-11-08T11:07:06.407Z - info: Using extension assets@1.5.1
2019-11-08T11:07:06.428Z - info: Using extension studio-theme-dark@0.2.0
2019-11-08T11:07:06.428Z - info: Using extension scheduling@2.1.1
2019-11-08T11:07:06.454Z - info: Using extension xlsx@2.2.1
2019-11-08T11:07:06.516Z - info: Using extension sample-template@2.4.0
2019-11-08T11:07:06.519Z - info: Using extension resources@2.0.3
2019-11-08T11:07:06.520Z - info: Using extension public-templates@2.1.0
2019-11-08T11:07:06.522Z - info: Using fs provider for template store.
2019-11-08T11:07:06.527Z - info: fs store is persisting using fs
2019-11-08T11:07:06.528Z - info: fs store is synchronizing using fs
2019-11-08T11:07:06.529Z - info: fs store is loading data
2019-11-08T11:07:06.574Z - info: fs store is initialized successfully
2019-11-08T11:07:06.596Z - info: Verifying license key free
2019-11-08T11:07:06.597Z - info: Using free license
2019-11-08T11:07:06.603Z - info: reporter initialized
2019-11-08T11:07:53.759Z - info: Initializing jsreport@2.6.1 in development mode using configuration file: jsreport.config.json
2019-11-08T11:07:53.760Z - info: Searching for available extensions in /home/sachin/Desktop/asd/ASD-LAB/sachin/cgpu++/
2019-11-08T11:07:53.774Z - info: Extensions location cache contains up to date information, skipping crawling in /home/sachin/Desktop/asd/ASD-LAB/sachin/cgpu++/
2019-11-08T11:07:53.779Z - info: Found 35 extensions
2019-11-08T11:07:53.958Z - info: Setting http-server strategy for rendering
2019-11-08T11:07:54.149Z - info: Using extension handlebars@2.1.0
2019-11-08T11:07:54.153Z - info: Using extension jsrender@2.1.1
2019-11-08T11:07:54.154Z - info: Using extension templates@2.3.2
2019-11-08T11:07:54.156Z - info: Using extension authentication@2.3.0
2019-11-08T11:07:54.180Z - info: Using extension import-export@1.4.0
2019-11-08T11:07:54.216Z - info: Using extension freeze@2.0.0
2019-11-08T11:07:54.217Z - info: Using extension cli@2.1.1
2019-11-08T11:07:54.219Z - info: Using extension debug@2.1.1
2019-11-08T11:07:54.220Z - info: Using extension tags@2.3.0
2019-11-08T11:07:54.222Z - info: Using extension docx@2.3.1
2019-11-08T11:07:54.239Z - info: Using extension chrome-pdf@1.6.1
2019-11-08T11:07:54.303Z - info: Using extension fs-store@2.6.0
2019-11-08T11:07:54.442Z - info: Using extension authorization@2.2.5
2019-11-08T11:07:54.444Z - info: Using extension child-templates@1.3.0
2019-11-08T11:07:54.447Z - info: Using extension browser-client@2.2.1
2019-11-08T11:07:54.449Z - info: Using extension licensing@2.1.2
2019-11-08T11:07:54.451Z - info: Using extension data@2.1.0
2019-11-08T11:07:54.452Z - info: Using extension pptx@0.4.1
2019-11-08T11:07:54.456Z - info: Using extension version-control@1.3.2
2019-11-08T11:07:54.496Z - info: Using extension reports@2.2.0
2019-11-08T11:07:54.499Z - info: Using extension text@2.0.0
2019-11-08T11:07:54.500Z - info: Using extension base@2.0.2
2019-11-08T11:07:54.501Z - info: Using extension static-pdf@0.3.1
2019-11-08T11:07:54.504Z - info: Using extension studio@2.6.6
2019-11-08T11:07:54.588Z - info: Using extension pdf-utils@1.5.2
2019-11-08T11:07:54.766Z - info: Using extension scripts@2.2.1
2019-11-08T11:07:54.771Z - info: Using extension html-to-xlsx@2.4.1
2019-11-08T11:07:54.868Z - info: html-to-xlsx detected chrome as available html engine
2019-11-08T11:07:54.868Z - info: Using extension assets@1.5.1
2019-11-08T11:07:54.889Z - info: Using extension studio-theme-dark@0.2.0
2019-11-08T11:07:54.890Z - info: Using extension scheduling@2.1.1
2019-11-08T11:07:54.913Z - info: Using extension xlsx@2.2.1
2019-11-08T11:07:54.970Z - info: Using extension sample-template@2.4.0
2019-11-08T11:07:54.972Z - info: Using extension resources@2.0.3
2019-11-08T11:07:54.973Z - info: Using extension public-templates@2.1.0
2019-11-08T11:07:54.975Z - info: Using fs provider for template store.
2019-11-08T11:07:54.978Z - info: fs store is persisting using fs
2019-11-08T11:07:54.979Z - info: fs store is synchronizing using fs
2019-11-08T11:07:54.981Z - info: fs store is loading data
2019-11-08T11:07:55.021Z - info: fs store is initialized successfully
2019-11-08T11:07:55.041Z - info: Verifying license key free
2019-11-08T11:07:55.042Z - info: Using free license
2019-11-08T11:07:55.047Z - info: reporter initialized
2019-11-08T11:08:02.831Z - info: Initializing jsreport@2.6.1 in development mode using configuration file: jsreport.config.json
2019-11-08T11:08:02.832Z - info: Searching for available extensions in /home/sachin/Desktop/asd/ASD-LAB/sachin/cgpu++/
2019-11-08T11:08:02.845Z - info: Extensions location cache contains up to date information, skipping crawling in /home/sachin/Desktop/asd/ASD-LAB/sachin/cgpu++/
2019-11-08T11:08:02.849Z - info: Found 35 extensions
2019-11-08T11:08:03.043Z - info: Setting http-server strategy for rendering
2019-11-08T11:08:03.244Z - info: Using extension handlebars@2.1.0
2019-11-08T11:08:03.249Z - info: Using extension jsrender@2.1.1
2019-11-08T11:08:03.250Z - info: Using extension templates@2.3.2
2019-11-08T11:08:03.252Z - info: Using extension authentication@2.3.0
2019-11-08T11:08:03.276Z - info: Using extension import-export@1.4.0
2019-11-08T11:08:03.313Z - info: Using extension freeze@2.0.0
2019-11-08T11:08:03.315Z - info: Using extension cli@2.1.1
2019-11-08T11:08:03.316Z - info: Using extension debug@2.1.1
2019-11-08T11:08:03.317Z - info: Using extension tags@2.3.0
2019-11-08T11:08:03.319Z - info: Using extension docx@2.3.1
2019-11-08T11:08:03.337Z - info: Using extension chrome-pdf@1.6.1
2019-11-08T11:08:03.411Z - info: Using extension fs-store@2.6.0
2019-11-08T11:08:03.557Z - info: Using extension authorization@2.2.5
2019-11-08T11:08:03.559Z - info: Using extension child-templates@1.3.0
2019-11-08T11:08:03.562Z - info: Using extension browser-client@2.2.1
2019-11-08T11:08:03.564Z - info: Using extension licensing@2.1.2
2019-11-08T11:08:03.566Z - info: Using extension data@2.1.0
2019-11-08T11:08:03.566Z - info: Using extension pptx@0.4.1
2019-11-08T11:08:03.572Z - info: Using extension version-control@1.3.2
2019-11-08T11:08:03.616Z - info: Using extension reports@2.2.0
2019-11-08T11:08:03.619Z - info: Using extension text@2.0.0
2019-11-08T11:08:03.619Z - info: Using extension base@2.0.2
2019-11-08T11:08:03.621Z - info: Using extension static-pdf@0.3.1
2019-11-08T11:08:03.623Z - info: Using extension studio@2.6.6
2019-11-08T11:08:03.693Z - info: Using extension pdf-utils@1.5.2
2019-11-08T11:08:03.868Z - info: Using extension scripts@2.2.1
2019-11-08T11:08:03.872Z - info: Using extension html-to-xlsx@2.4.1
2019-11-08T11:08:03.969Z - info: html-to-xlsx detected chrome as available html engine
2019-11-08T11:08:03.969Z - info: Using extension assets@1.5.1
2019-11-08T11:08:03.992Z - info: Using extension studio-theme-dark@0.2.0
2019-11-08T11:08:03.992Z - info: Using extension scheduling@2.1.1
2019-11-08T11:08:04.017Z - info: Using extension xlsx@2.2.1
2019-11-08T11:08:04.076Z - info: Using extension sample-template@2.4.0
2019-11-08T11:08:04.078Z - info: Using extension resources@2.0.3
2019-11-08T11:08:04.078Z - info: Using extension public-templates@2.1.0
2019-11-08T11:08:04.080Z - info: Using fs provider for template store.
2019-11-08T11:08:04.084Z - info: fs store is persisting using fs
2019-11-08T11:08:04.084Z - info: fs store is synchronizing using fs
2019-11-08T11:08:04.086Z - info: fs store is loading data
2019-11-08T11:08:04.131Z - info: fs store is initialized successfully
2019-11-08T11:08:04.153Z - info: Verifying license key free
2019-11-08T11:08:04.154Z - info: Using free license
2019-11-08T11:08:04.159Z - info: reporter initialized
2019-11-08T12:50:52.956Z - info: Initializing jsreport@2.6.1 in development mode using configuration file: jsreport.config.json
2019-11-08T12:50:52.957Z - info: Searching for available extensions in /home/sachin/Desktop/asd/ASD-LAB/sachin/cgpu++/
2019-11-08T12:50:52.957Z - info: Initializing jsreport@2.6.1 in development mode using configuration file: jsreport.config.json
2019-11-08T12:50:52.958Z - info: Searching for available extensions in /home/sachin/Desktop/asd/ASD-LAB/sachin/cgpu++/
2019-11-08T12:50:52.962Z - info: Extensions location cache not found, crawling directories
2019-11-08T12:50:53.185Z - info: Extensions location cache not found, crawling directories
2019-11-08T12:50:53.385Z - info: Found 35 extensions
2019-11-08T12:50:54.438Z - info: Found 35 extensions
2019-11-08T12:50:54.742Z - info: Setting http-server strategy for rendering
2019-11-08T12:50:54.871Z - info: Setting http-server strategy for rendering
2019-11-08T12:50:55.040Z - info: Using extension handlebars@2.1.0
2019-11-08T12:50:55.045Z - info: Using extension jsrender@2.1.1
2019-11-08T12:50:55.046Z - info: Using extension templates@2.3.2
2019-11-08T12:50:55.048Z - info: Using extension authentication@2.3.0
2019-11-08T12:50:55.146Z - info: Using extension import-export@1.4.0
2019-11-08T12:50:55.318Z - info: Using extension freeze@2.0.0
2019-11-08T12:50:55.322Z - info: Using extension cli@2.1.1
2019-11-08T12:50:55.326Z - info: Using extension debug@2.1.1
2019-11-08T12:50:55.331Z - info: Using extension tags@2.3.0
2019-11-08T12:50:55.346Z - info: Using extension docx@2.3.1
2019-11-08T12:50:55.415Z - info: Using extension chrome-pdf@1.6.1
2019-11-08T12:50:55.628Z - info: Using extension fs-store@2.6.0
2019-11-08T12:50:55.940Z - info: Using extension authorization@2.2.5
2019-11-08T12:50:55.944Z - info: Using extension child-templates@1.3.0
2019-11-08T12:50:55.948Z - info: Using extension browser-client@2.2.1
2019-11-08T12:50:55.950Z - info: Using extension licensing@2.1.2
2019-11-08T12:50:55.954Z - info: Using extension data@2.1.0
2019-11-08T12:50:55.955Z - info: Using extension pptx@0.4.1
2019-11-08T12:50:55.960Z - info: Using extension version-control@1.3.2
2019-11-08T12:50:56.402Z - info: Using extension reports@2.2.0
2019-11-08T12:50:56.451Z - info: Using extension text@2.0.0
2019-11-08T12:50:56.452Z - info: Using extension base@2.0.2
2019-11-08T12:50:56.454Z - info: Using extension static-pdf@0.3.1
2019-11-08T12:50:56.458Z - info: Using extension studio@2.6.6
2019-11-08T12:50:56.579Z - info: Using extension pdf-utils@1.5.2
2019-11-08T12:50:57.112Z - info: Using extension scripts@2.2.1
2019-11-08T12:50:57.121Z - info: Using extension html-to-xlsx@2.4.1
2019-11-08T12:50:57.424Z - info: html-to-xlsx detected chrome as available html engine
2019-11-08T12:50:57.425Z - info: Using extension assets@1.5.1
2019-11-08T12:50:57.479Z - info: Using extension studio-theme-dark@0.2.0
2019-11-08T12:50:57.481Z - info: Using extension scheduling@2.1.1
2019-11-08T12:50:57.627Z - info: Using extension xlsx@2.2.1
2019-11-08T12:50:57.816Z - info: Using extension sample-template@2.4.0
2019-11-08T12:50:57.819Z - info: Using extension resources@2.0.3
2019-11-08T12:50:57.820Z - info: Using extension public-templates@2.1.0
2019-11-08T12:50:57.824Z - info: Using fs provider for template store.
2019-11-08T12:50:57.828Z - info: fs store is persisting using fs
2019-11-08T12:50:57.829Z - info: fs store is synchronizing using fs
2019-11-08T12:50:57.878Z - info: Using extension handlebars@2.1.0
2019-11-08T12:50:57.880Z - info: Using extension jsrender@2.1.1
2019-11-08T12:50:57.882Z - info: Using extension templates@2.3.2
2019-11-08T12:50:57.883Z - info: Using extension authentication@2.3.0
2019-11-08T12:50:57.892Z - info: Using extension import-export@1.4.0
2019-11-08T12:50:57.892Z - info: Using extension freeze@2.0.0
2019-11-08T12:50:57.893Z - info: Using extension cli@2.1.1
2019-11-08T12:50:57.894Z - info: Using extension debug@2.1.1
2019-11-08T12:50:57.895Z - info: Using extension tags@2.3.0
2019-11-08T12:50:57.896Z - info: Using extension docx@2.3.1
2019-11-08T12:50:57.898Z - info: Using extension chrome-pdf@1.6.1
2019-11-08T12:50:57.901Z - info: Using extension fs-store@2.6.0
2019-11-08T12:50:57.904Z - info: Using extension authorization@2.2.5
2019-11-08T12:50:57.905Z - info: Using extension child-templates@1.3.0
2019-11-08T12:50:57.906Z - info: Using extension browser-client@2.2.1
2019-11-08T12:50:57.907Z - info: Using extension licensing@2.1.2
2019-11-08T12:50:57.908Z - info: Using extension data@2.1.0
2019-11-08T12:50:57.908Z - info: Using extension pptx@0.4.1
2019-11-08T12:50:57.908Z - info: Using extension version-control@1.3.2
2019-11-08T12:50:57.910Z - info: Using extension reports@2.2.0
2019-11-08T12:50:57.911Z - info: Using extension text@2.0.0
2019-11-08T12:50:57.911Z - info: Using extension base@2.0.2
2019-11-08T12:50:57.912Z - info: Using extension static-pdf@0.3.1
2019-11-08T12:50:57.912Z - info: Using extension studio@2.6.6
2019-11-08T12:50:57.946Z - info: Using extension pdf-utils@1.5.2
2019-11-08T12:50:57.947Z - info: Using extension scripts@2.2.1
2019-11-08T12:50:57.948Z - info: Using extension html-to-xlsx@2.4.1
2019-11-08T12:50:57.949Z - info: html-to-xlsx detected chrome as available html engine
2019-11-08T12:50:57.949Z - info: Using extension assets@1.5.1
2019-11-08T12:50:57.951Z - info: Using extension studio-theme-dark@0.2.0
2019-11-08T12:50:57.951Z - info: Using extension scheduling@2.1.1
2019-11-08T12:50:57.952Z - info: Using extension xlsx@2.2.1
2019-11-08T12:50:57.953Z - info: Using extension sample-template@2.4.0
2019-11-08T12:50:57.954Z - info: Using extension resources@2.0.3
2019-11-08T12:50:57.955Z - info: Using extension public-templates@2.1.0
2019-11-08T12:50:57.955Z - info: Using fs provider for template store.
2019-11-08T12:50:57.956Z - info: fs store is persisting using fs
2019-11-08T12:50:57.956Z - info: fs store is synchronizing using fs
2019-11-08T12:50:57.957Z - info: fs store is loading data
2019-11-08T12:50:57.958Z - info: fs store is loading data
2019-11-08T12:50:58.198Z - info: fs store is initialized successfully
2019-11-08T12:50:58.249Z - info: Verifying license key free
2019-11-08T12:50:58.254Z - info: Using free license
2019-11-08T12:50:58.271Z - info: reporter initialized
2019-11-08T12:50:58.303Z - info: fs store is initialized successfully
2019-11-08T12:50:58.322Z - info: Verifying license key free
2019-11-08T12:50:58.324Z - info: Using free license
2019-11-08T12:50:58.332Z - info: reporter initialized
